RhythmCatcher/proguard/seeds.txt
com.idroid.rhythm.catcher.MainActivity
com.idroid.rhythm.catcher.MainActivity: MainActivity()
com.idroid.rhythm.catcher.R$anim: int bottom_to_top
com.idroid.rhythm.catcher.R$anim: int cd_animation
com.idroid.rhythm.catcher.R$anim: int fade_in
com.idroid.rhythm.catcher.R$anim: int fade_out
com.idroid.rhythm.catcher.R$anim: int left_to_right_in
com.idroid.rhythm.catcher.R$anim: int left_to_right_out
com.idroid.rhythm.catcher.R$anim: int right_to_left_in
com.idroid.rhythm.catcher.R$anim: int right_to_left_out
com.idroid.rhythm.catcher.R$anim: int tivi_close
com.idroid.rhythm.catcher.R$anim: int tivi_open
com.idroid.rhythm.catcher.R$anim: int top_to_bottom
com.idroid.rhythm.catcher.R$anim: int zoom_in
com.idroid.rhythm.catcher.R$attr: int adSize
com.idroid.rhythm.catcher.R$attr: int adSizes
com.idroid.rhythm.catcher.R$attr: int adUnitId
com.idroid.rhythm.catcher.R$attr: int auxiliary_view_position
com.idroid.rhythm.catcher.R$attr: int buyButtonAppearance
com.idroid.rhythm.catcher.R$attr: int buyButtonHeight
com.idroid.rhythm.catcher.R$attr: int buyButtonText
com.idroid.rhythm.catcher.R$attr: int buyButtonWidth
com.idroid.rhythm.catcher.R$attr: int cameraBearing
com.idroid.rhythm.catcher.R$attr: int cameraTargetLat
com.idroid.rhythm.catcher.R$attr: int cameraTargetLng
com.idroid.rhythm.catcher.R$attr: int cameraTilt
com.idroid.rhythm.catcher.R$attr: int cameraZoom
com.idroid.rhythm.catcher.R$attr: int confirm_logout
com.idroid.rhythm.catcher.R$attr: int done_button_background
com.idroid.rhythm.catcher.R$attr: int done_button_text
com.idroid.rhythm.catcher.R$attr: int environment
com.idroid.rhythm.catcher.R$attr: int extra_fields
com.idroid.rhythm.catcher.R$attr: int fetch_user_info
com.idroid.rhythm.catcher.R$attr: int foreground_color
com.idroid.rhythm.catcher.R$attr: int fragmentMode
com.idroid.rhythm.catcher.R$attr: int fragmentStyle
com.idroid.rhythm.catcher.R$attr: int horizontal_alignment
com.idroid.rhythm.catcher.R$attr: int is_cropped
com.idroid.rhythm.catcher.R$attr: int login_text
com.idroid.rhythm.catcher.R$attr: int logout_text
com.idroid.rhythm.catcher.R$attr: int mapType
com.idroid.rhythm.catcher.R$attr: int maskedWalletDetailsBackground
com.idroid.rhythm.catcher.R$color: int cell_guess
com.idroid.rhythm.catcher.R$color: int cell_guess_bg
com.idroid.rhythm.catcher.R$color: int cell_input
com.idroid.rhythm.catcher.R$color: int cell_input_bg
com.idroid.rhythm.catcher.R$color: int com_facebook_blue
com.idroid.rhythm.catcher.R$color: int com_facebook_likeboxcountview_border_color
com.idroid.rhythm.catcher.R$color: int com_facebook_likeboxcountview_text_color
com.idroid.rhythm.catcher.R$color: int com_facebook_likebutton_text_color
com.idroid.rhythm.catcher.R$color: int com_facebook_likeview_text_color
com.idroid.rhythm.catcher.R$color: int com_facebook_loginview_text_color
com.idroid.rhythm.catcher.R$color: int com_facebook_picker_search_bar_background
com.idroid.rhythm.catcher.R$color: int com_facebook_picker_search_bar_text
com.idroid.rhythm.catcher.R$color: int com_facebook_usersettingsfragment_connected_shadow_color
com.idroid.rhythm.catcher.R$color: int com_facebook_usersettingsfragment_connected_text_color
com.idroid.rhythm.catcher.R$color: int com_facebook_usersettingsfragment_not_connected_text_color
com.idroid.rhythm.catcher.R$color: int common_action_bar_splitter
com.idroid.rhythm.catcher.R$color: int common_signin_btn_dark_text_default
com.idroid.rhythm.catcher.R$color: int common_signin_btn_dark_text_disabled
com.idroid.rhythm.catcher.R$color: int common_signin_btn_dark_text_focused
com.idroid.rhythm.catcher.R$color: int common_signin_btn_dark_text_pressed
...
com.facebook.internal.BundleJSONConverter$Setter
com.facebook.internal.BundleJSONConverter$Setter: void setOnBundle(android.os.Bundle,java.lang.String,java.lang.Object)
com.facebook.internal.BundleJSONConverter$Setter: void setOnJSON(org.json.JSONObject,java.lang.String,java.lang.Object)
com.facebook.internal.CacheableRequestBatch
com.facebook.internal.CacheableRequestBatch: java.lang.String cacheKey
com.facebook.internal.CacheableRequestBatch: boolean forceRoundTrip
com.facebook.internal.CacheableRequestBatch: CacheableRequestBatch()
com.facebook.internal.CacheableRequestBatch: CacheableRequestBatch(com.facebook.Request[])
com.facebook.internal.CacheableRequestBatch: java.lang.String getCacheKeyOverride()
com.facebook.internal.CacheableRequestBatch: void setCacheKeyOverride(java.lang.String)
com.facebook.internal.CacheableRequestBatch: boolean getForceRoundTrip()
com.facebook.internal.CacheableRequestBatch: void setForceRoundTrip(boolean)
com.facebook.internal.FacebookWebFallbackDialog
com.facebook.internal.FacebookWebFallbackDialog: java.lang.String TAG
com.facebook.internal.FacebookWebFallbackDialog: void <clinit>()
com.facebook.internal.FacebookWebFallbackDialog: boolean presentWebFallback(android.content.Context,java.lang.String,java.lang.String,com.facebook.widget.FacebookDialog$PendingCall,com.facebook.widget.FacebookDialog$Callback)
com.facebook.internal.FacebookWebFallbackDialog: FacebookWebFallbackDialog(android.content.Context,java.lang.String,java.lang.String)
com.facebook.internal.FacebookWebFallbackDialog: android.os.Bundle parseResponseUri(java.lang.String)
com.facebook.internal.FacebookWebFallbackDialog$1
com.facebook.internal.FacebookWebFallbackDialog$1: android.content.Context val$context
com.facebook.internal.FacebookWebFallbackDialog$1: com.facebook.widget.FacebookDialog$PendingCall val$appCall
com.facebook.internal.FacebookWebFallbackDialog$1: com.facebook.widget.FacebookDialog$Callback val$callback
com.facebook.internal.FacebookWebFallbackDialog$1: FacebookWebFallbackDialog$1(android.content.Context,com.facebook.widget.FacebookDialog$PendingCall,com.facebook.widget.FacebookDialog$Callback)
com.facebook.internal.FacebookWebFallbackDialog$1: void onComplete(android.os.Bundle,com.facebook.FacebookException)
com.facebook.internal.FileLruCache
com.facebook.internal.FileLruCache: java.lang.String TAG
com.facebook.internal.FileLruCache: java.lang.String HEADER_CACHEKEY_KEY
com.facebook.internal.FileLruCache: java.lang.String HEADER_CACHE_CONTENT_TAG_KEY
com.facebook.internal.FileLruCache: java.util.concurrent.atomic.AtomicLong bufferIndex
com.facebook.internal.FileLruCache: java.lang.String tag
com.facebook.internal.FileLruCache: com.facebook.internal.FileLruCache$Limits limits
com.facebook.internal.FileLruCache: java.io.File directory
com.facebook.internal.FileLruCache: boolean isTrimPending
com.facebook.internal.FileLruCache: boolean isTrimInProgress
com.facebook.internal.FileLruCache: java.lang.Object lock
com.facebook.internal.FileLruCache: java.util.concurrent.atomic.AtomicLong lastClearCacheTime
com.facebook.internal.FileLruCache: void <clinit>()
com.facebook.internal.FileLruCache: FileLruCache(android.content.Context,java.lang.String,com.facebook.internal.FileLruCache$Limits)
com.facebook.internal.FileLruCache: long sizeInBytesForTest()
com.facebook.internal.FileLruCache: java.io.InputStream get(java.lang.String)
com.facebook.internal.FileLruCache: java.io.InputStream get(java.lang.String,java.lang.String)
com.facebook.internal.FileLruCache: java.io.OutputStream openPutStream(java.lang.String)
com.facebook.internal.FileLruCache: java.io.OutputStream openPutStream(java.lang.String,java.lang.String)
com.facebook.internal.FileLruCache: void clearCache()