RhythmCatcher/proguard/mapping.txt
com.idroid.rhythm.catcher.Decompress -> com.idroid.rhythm.catcher.a:
    java.lang.String _zipFile -> a
    java.lang.String _location -> b
    27:53:void unzip() -> a
    56:61:void _dirChecker(java.lang.String) -> a
com.idroid.rhythm.catcher.MainActivity -> com.idroid.rhythm.catcher.MainActivity:
    java.lang.String ALPHABET -> a
    java.lang.String textGuess -> b
    java.lang.String textInput -> c
    android.widget.TextView[] cellGuess -> d
    android.widget.TextView[] cellInput -> e
    com.idroid.rhythm.catcher.SemiCircleProgressBarView mSongProgress -> f
    android.view.animation.RotateAnimation mRotateAnimation -> g
    android.view.animation.AlphaAnimation mAlphaAnimation -> h
    android.media.MediaPlayer mSoundPlayer -> i
    android.media.MediaPlayer mSongPlayer -> j
    org.json.JSONArray mListSongs -> k
    org.json.JSONObject mCurrentSong -> l
    java.lang.String CURRENT_CD_ID -> m
    int playedSongCounter -> n
    android.app.Dialog mDialogResultAndBonus -> o
    boolean pendingPlayWhenResume -> p
    com.facebook.UiLifecycleHelper uiHelper -> q
    android.view.View$OnClickListener onClickCellInputListener -> r
    android.view.View$OnClickListener onClickCellGuessLisener -> s
    android.view.View$OnClickListener onClickSkipButton -> t
    android.view.View$OnClickListener onClickOpenButton -> u
    android.view.View$OnClickListener onClickDeleteButton -> v
    boolean pendingAddBonus -> w
    android.view.View$OnClickListener onClickBtnFacebook -> x
    92:118:void onCreate(android.os.Bundle) -> onCreate
    123:132:void onPause() -> onPause
    135:158:void showAdmob() -> a
    166:228:void initUI() -> b
    231:233:void initMediaPlayer() -> c
com.idroid.rhythm.catcher.MainActivity$1 -> com.idroid.rhythm.catcher.MainActivity$1:
    com.idroid.rhythm.catcher.MainActivity this$0 -> a
    287:304:void onClick(android.view.View) -> onClick
com.idroid.rhythm.catcher.MainActivity$10 -> com.idroid.rhythm.catcher.MainActivity$2:
    com.idroid.rhythm.catcher.MainActivity this$0 -> a
    208:209:void onClick(android.view.View) -> onClick
com.idroid.rhythm.catcher.MainActivity$11 -> com.idroid.rhythm.catcher.MainActivity$3:
    com.idroid.rhythm.catcher.MainActivity this$0 -> a
    216:217:void onClick(android.view.View) -> onClick
com.idroid.rhythm.catcher.MainActivity$12 -> com.idroid.rhythm.catcher.MainActivity$4:
    com.idroid.rhythm.catcher.MainActivity this$0 -> a
    369:371:void onClick(android.view.View) -> onClick
com.idroid.rhythm.catcher.MainActivity$13 -> com.idroid.rhythm.catcher.MainActivity$5:
    com.idroid.rhythm.catcher.MainActivity this$0 -> a
    597:599:void run() -> run
com.idroid.rhythm.catcher.MainActivity$14 -> com.idroid.rhythm.catcher.MainActivity$6:
    com.idroid.rhythm.catcher.MainActivity this$0 -> a
    626:631:void run() -> run
com.idroid.rhythm.catcher.MainActivity$15 -> com.idroid.rhythm.catcher.MainActivity$7:
    com.idroid.rhythm.catcher.MainActivity this$0 -> a
    android.app.Dialog val$dialog -> b
    666:670:void onClick(android.view.View) -> onClick
com.idroid.rhythm.catcher.MainActivity$16 -> com.idroid.rhythm.catcher.MainActivity$8:
    com.idroid.rhythm.catcher.MainActivity this$0 -> a
    android.app.Dialog val$dialog -> b
    677:681:void onClick(android.view.View) -> onClick
com.idroid.rhythm.catcher.MainActivity$17 -> com.idroid.rhythm.catcher.MainActivity$9:
    com.idroid.rhythm.catcher.MainActivity this$0 -> a
    android.app.Dialog val$dialog -> b
    701:705:void onClick(android.view.View) -> onClick
com.idroid.rhythm.catcher.MainActivity$18 -> com.idroid.rhythm.catcher.MainActivity$10:
    com.idroid.rhythm.catcher.MainActivity this$0 -> a
    android.app.Dialog val$dialog -> b
    712:713:void onClick(android.view.View) -> onClick
...
com.facebook.widget.WebDialog$1 -> com.facebook.widget.WebDialog$1:
    com.facebook.widget.WebDialog this$0 -> this$0
    202:203:void onCancel(android.content.DialogInterface) -> onCancel
com.facebook.widget.WebDialog$2 -> com.facebook.widget.WebDialog$2:
    com.facebook.widget.WebDialog this$0 -> this$0
    212:214:void onCancel(android.content.DialogInterface) -> onCancel
com.facebook.widget.WebDialog$3 -> com.facebook.widget.WebDialog$3:
    com.facebook.widget.WebDialog this$0 -> this$0
    338:340:void onClick(android.view.View) -> onClick
com.facebook.widget.WebDialog$Builder -> com.facebook.widget.WebDialog$Builder:
    1:1:com.facebook.widget.WebDialog build() -> build
    1:1:com.facebook.widget.WebDialog$BuilderBase setTheme(int) -> setTheme
    1:1:com.facebook.widget.WebDialog$BuilderBase setOnCompleteListener(com.facebook.widget.WebDialog$OnCompleteListener) -> setOnCompleteListener
com.facebook.widget.WebDialog$BuilderBase -> com.facebook.widget.WebDialog$BuilderBase:
    android.content.Context context -> context
    com.facebook.Session session -> session
    java.lang.String applicationId -> applicationId
    java.lang.String action -> action
    int theme -> theme
    com.facebook.widget.WebDialog$OnCompleteListener listener -> listener
    android.os.Bundle parameters -> parameters
    522:525:com.facebook.widget.WebDialog$BuilderBase setTheme(int) -> setTheme
    535:538:com.facebook.widget.WebDialog$BuilderBase setOnCompleteListener(com.facebook.widget.WebDialog$OnCompleteListener) -> setOnCompleteListener
    548:555:com.facebook.widget.WebDialog build() -> build
    559:559:java.lang.String getApplicationId() -> getApplicationId
    563:563:android.content.Context getContext() -> getContext
    567:567:int getTheme() -> getTheme
    571:571:android.os.Bundle getParameters() -> getParameters
    575:575:com.facebook.widget.WebDialog$OnCompleteListener getListener() -> getListener
    579:586:void finishInit(android.content.Context,java.lang.String,android.os.Bundle) -> finishInit
com.facebook.widget.WebDialog$DialogWebViewClient -> com.facebook.widget.WebDialog$DialogWebViewClient:
    com.facebook.widget.WebDialog this$0 -> this$0
    375:421:boolean shouldOverrideUrlLoading(android.webkit.WebView,java.lang.String) -> shouldOverrideUrlLoading
    427:430:void onReceivedError(android.webkit.WebView,int,java.lang.String,java.lang.String) -> onReceivedError
    437:443:void onReceivedSslError(android.webkit.WebView,android.webkit.SslErrorHandler,android.net.http.SslError) -> onReceivedSslError
    447:452:void onPageStarted(android.webkit.WebView,java.lang.String,android.graphics.Bitmap) -> onPageStarted
    456:467:void onPageFinished(android.webkit.WebView,java.lang.String) -> onPageFinished