RhythmCatcher/proguard/usage.txt
com.idroid.rhythm.catcher.BuildConfig
com.idroid.rhythm.catcher.MainActivity:
    551:552:public void playSoundBonus()
com.idroid.rhythm.catcher.Manifest
com.idroid.rhythm.catcher.Manifest$permission
com.idroid.rhythm.catcher.R
com.idroid.rhythm.catcher.R$anim
com.idroid.rhythm.catcher.R$attr
com.idroid.rhythm.catcher.R$color
com.idroid.rhythm.catcher.R$dimen
com.idroid.rhythm.catcher.R$drawable
com.idroid.rhythm.catcher.R$id
com.idroid.rhythm.catcher.R$integer
com.idroid.rhythm.catcher.R$layout
com.idroid.rhythm.catcher.R$string
com.idroid.rhythm.catcher.R$style
com.idroid.rhythm.catcher.R$styleable
com.idroid.rhythm.catcher.Tools:
    12:12:public Tools()
...
android.support.v4.text.TextUtilsCompat
android.support.v4.util.ArrayMap:
    61:62:public ArrayMap(int)
    68:69:public ArrayMap(android.support.v4.util.SimpleArrayMap)
    130:130:public boolean containsAll(java.util.Collection)
    151:151:public boolean removeAll(java.util.Collection)
    161:161:public boolean retainAll(java.util.Collection)
android.support.v4.util.AtomicFile
android.support.v4.util.CircularArray
android.support.v4.util.ContainerHelpers:
    19:19:ContainerHelpers()
    29:29:public static int idealLongArraySize(int)
    65:80:static int binarySearch(long[],int,long)
android.support.v4.util.DebugUtils:
    25:25:public DebugUtils()
android.support.v4.util.LongSparseArray
android.support.v4.util.LruCache
android.support.v4.util.Pools
android.support.v4.util.Pools$Pool
android.support.v4.util.Pools$SimplePool
android.support.v4.util.Pools$SynchronizedPool
android.support.v4.util.SimpleArrayMap:
    private static final boolean DEBUG
    private static final java.lang.String TAG
    private static final int BASE_SIZE
    private static final int CACHE_SIZE
    217:225:public SimpleArrayMap(int)
    231:235:public SimpleArrayMap(android.support.v4.util.SimpleArrayMap)
    419:432:public void putAll(android.support.v4.util.SimpleArrayMap)
android.support.v4.util.SparseArrayCompat:
    119:123:public void removeAt(int)
    132:136:public void removeAtRange(int,int)
    263:268:public void setValueAt(int,java.lang.Object)
    276:280:public int indexOfKey(int)
    294:302:public int indexOfValue(java.lang.Object)
    325:352:public void append(int,java.lang.Object)
android.support.v4.util.TimeUtils
android.support.v4.view.AccessibilityDelegateCompat:
    310:312:public AccessibilityDelegateCompat()
    336:337:public void sendAccessibilityEvent(android.view.View,int)
    358:359:public void sendAccessibilityEventUnchecked(android.view.View,android.view.accessibility.AccessibilityEvent)
    379:379:public boolean dispatchPopulateAccessibilityEvent(android.view.View,android.view.accessibility.AccessibilityEvent)
    399:400:public void onPopulateAccessibilityEvent(android.view.View,android.view.accessibility.AccessibilityEvent)
    419:420:public void onInitializeAccessibilityEvent(android.view.View,android.view.accessibility.AccessibilityEvent)
    438:439:public void onInitializeAccessibilityNodeInfo(android.view.View,android.support.v4.view.accessibility.AccessibilityNodeInfoCompat)
    462:462:public boolean onRequestSendAccessibilityEvent(android.view.ViewGroup,android.view.View,android.view.accessibility.AccessibilityEvent)
    480:480:public android.support.v4.view.accessibility.AccessibilityNodeProviderCompat getAccessibilityNodeProvider(android.view.View)
    500:500:public boolean performAccessibilityAction(android.view.View,int,android.os.Bundle)
android.support.v4.view.AccessibilityDelegateCompat$AccessibilityDelegateIcsImpl:
    127:127:public java.lang.Object newAccessiblityDelegateBridge(android.support.v4.view.AccessibilityDelegateCompat)
    172:172:public boolean dispatchPopulateAccessibilityEvent(java.lang.Object,android.view.View,android.view.accessibility.AccessibilityEvent)
    179:180:public void onInitializeAccessibilityEvent(java.lang.Object,android.view.View,android.view.accessibility.AccessibilityEvent)
    185:187:public void onInitializeAccessibilityNodeInfo(java.lang.Object,android.view.View,android.support.v4.view.accessibility.AccessibilityNodeInfoCompat)
    192:193:public void onPopulateAccessibilityEvent(java.lang.Object,android.view.View,android.view.accessibility.AccessibilityEvent)
    198:198:public boolean onRequestSendAccessibilityEvent(java.lang.Object,android.view.ViewGroup,android.view.View,android.view.accessibility.AccessibilityEvent)
    204:205:public void sendAccessibilityEvent(java.lang.Object,android.view.View,int)
    210:211:public void sendAccessibilityEventUnchecked(java.lang.Object,android.view.View,android.view.accessibility.AccessibilityEvent)